Starting FOnline (version 469)...
Engine initialization...
Sprite manager initialization...
Sprite manager initialization complete.
Sound manager initialization...
Sound manager initialization complete.
Connecting to server<localhost:4000>.
Connection established.
Disconnect. Session traffic: send<74>, receive<808206>, whole<808280>, receive real<918345>.
Loaded<325> critter types.
Load scripts...
Bind reserved functions...
Bind reserved functions complete.
Load scripts complete.
3d rendering is disabled.
Interface initialization...
Signature<IntMess> not found.
Signature<IntMessLarge> not found.
Interface initialization complete.
Item manager initialization...
Item manager initialization complete.
Hex field initialization...
Hex field initialization complete.
Engine initialization complete.
Connecting to server<localhost:4000>.
Connection established.
Disconnect. Session traffic: send<84>, receive<808651>, whole<808735>, receive real<919130>.
Connecting to server<localhost:4000>.
Connection established.
Player registration...complete.
Registration success.
Disconnect. Session traffic: send<314>, receive<808685>, whole<808999>, receive real<919149>.
Connecting to server<localhost:4000>.
Connection established.
Authentication success.
Change map...
Get hash of map, pid<221>...complete.
Load map...Load map success.
Local map loaded.
Chosen parameters...complete.
Quests...Complete.
Entering to game complete.
Disconnect. Session traffic: send<1902>, receive<813227>, whole<815129>, receive real<931646>.
Exit from game.
