[00:000] FOnline server, version 469.
[57:778] ***   Starting initialization   ****
[57:814] Script system initialization...
[57:823] Reload scripts...
[58:911] Reload scripts complete.
[58:911] Bind reserved functions...
[58:925] Bind reserved functions complete.
[58:926] Script system initialization complete.
[58:926] Loading language packs...
[58:968] Loading language packs complete, loaded<2> packs.
[58:968] Reload client scripts...
[59:363] Reload client scripts complete.
[59:364] Indexing client data.
[59:365] Indexing complete, clients found<9>.
[59:366] AI manager initialization...
[59:366] Find bags...
[59:388] Loaded<156> bags.
[59:388] AI manager initialization complete.
[59:388] Item manager initialization...
[59:393] Item manager initialization complete.
[59:393] Critter manager initialization...
[59:416] Critter manager initialization complete.
[59:416] Map manager initialization...
[59:421] Map manager initialization complete.
[59:421] Var manager initialization.
[59:421] Update template vars...
[59:440] Update template vars complete.
[59:440] Var manager initialization complete.
[59:440] Load Dialogs...[59:440] from list<dialogs.lst>.
[59:724] Loading dialogs finish, loaded<859/859>.
[59:773] FixBoy load crafts...
[59:778] FixBoy load crafts complete.
[59:785] Loaded<325> critter types.
[59:785] Loading items prototypes...
[01:00:327] Items prototypes successfully loaded, count<4614>.
[01:00:328] Loading critters prototypes...
[01:00:339] Loaded<529> critter protos, errors<0>.
[01:00:339] Load location and map prototypes...
[01:00:798] Load location and map prototypes complete, loaded<138> location protos.
[01:00:802] Generate update files...
[01:02:223] Generate update files complete.
[01:02:405] Begin load world from dump file<.\save\world0016.fo>.
[01:02:405] Load game info...[01:02:405] complete.
[01:02:405] Load locations...
[01:02:409] Load locations complete, count<26>.
[01:02:409] Load npc...
[01:02:469] Load npc complete, count<2734>.
[01:02:469] Load items...[01:02:784] complete, count<12805>.
[01:02:784] Load vars...[01:02:785] complete, count<66>.
[01:02:786] Load time events...[01:02:786] complete, count<17>.
[01:02:786] Transfer all npc to game...
[01:02:987] Transfer npc complete. Errors<0>.
[01:02:987] Transfer all items to npc, maps and containers...
[01:03:006] Transfer game items complete.
[01:03:243] Starting server on port<4000>.
[01:03:244] Starting net listen thread.
[01:03:244] Starting net work threads, count<8>.
[01:03:355] Starting logic threads, count<1>.
[01:03:355] ***   Starting game loop   ***
